<?xml version="1.0" encoding="UTF-8"?>
<!-- Generated by org.testng.reporters.JUnitXMLReporter -->
<testsuite ignored="0" hostname="DESKTOP-38UU64V" failures="0" tests="3" name="Default test" time="20.461" errors="0" timestamp="2025-03-03T15:37:53 EET">
  <testcase classname="endtoEndMaven.tests.EndtoEndPageObject" name="submitOrder" time="4.423"/>
  <testcase classname="endtoEndMaven.tests.EndtoEndPageObject" name="submitOrder" time="4.359"/>
  <testcase classname="endtoEndMaven.tests.EndtoEndPageObject" name="OrderHistoryTest" time="0.984"/>
</testsuite> <!-- Default test -->
