<?xml version="1.0" encoding="UTF-8"?>
<!-- Generated by org.testng.reporters.JUnitXMLReporter -->
<testsuite ignored="1" hostname="DESKTOP-38UU64V" failures="0" tests="2" name="Errors" time="16.772" errors="0" timestamp="2025-03-03T22:40:07 EET">
  <testcase classname="endtoEndMaven.tests.EndtoEndPageObject" name="submitOrder" time="5.685"/>
  <testcase classname="endtoEndMaven.tests.EndtoEndPageObject" name="submitOrder" time="4.231"/>
  <testcase classname="endtoEndMaven.tests.EndtoEndPageObject" name="OrderHistoryTest" time="0.0">
    <ignored/>
  </testcase> <!-- OrderHistoryTest -->
</testsuite> <!-- Errors -->
