<?xml version="1.0" encoding="UTF-8"?>
<!-- Generated by org.testng.reporters.JUnitXMLReporter -->
<testsuite ignored="1" hostname="DESKTOP-38UU64V" failures="0" tests="2" name="Errors" time="16.012" errors="0" timestamp="2025-03-03T15:45:13 EET">
  <testcase classname="endtoEndMaven.tests.EndtoEndPageObject" name="submitOrder" time="5.759"/>
  <testcase classname="endtoEndMaven.tests.EndtoEndPageObject" name="submitOrder" time="5.821"/>
  <testcase classname="endtoEndMaven.tests.EndtoEndPageObject" name="OrderHistoryTest" time="0.0">
    <ignored/>
  </testcase> <!-- OrderHistoryTest -->
</testsuite> <!-- Errors -->
