<?xml version="1.0" encoding="UTF-8"?>
<!-- Generated by org.testng.reporters.JUnitXMLReporter -->
<testsuite ignored="0" hostname="DESKTOP-38UU64V" failures="0" tests="3" name="Submit order" time="21.61" errors="0" timestamp="2025-03-03T15:38:48 EET">
  <testcase classname="endtoEndMaven.tests.EndtoEndPageObject" name="submitOrder" time="4.253"/>
  <testcase classname="endtoEndMaven.tests.EndtoEndPageObject" name="submitOrder" time="4.298"/>
  <testcase classname="endtoEndMaven.tests.EndtoEndPageObject" name="OrderHistoryTest" time="0.897"/>
</testsuite> <!-- Submit order -->
