<?xml version="1.0" encoding="UTF-8"?>
<!-- Generated by org.testng.reporters.JUnitXMLReporter -->
<testsuite ignored="1" hostname="DESKTOP-38UU64V" failures="2" tests="2" name="SubmitOrder" time="0.055" errors="0" timestamp="2025-03-03T15:40:26 EET">
  <testcase classname="endtoEndMaven.tests.EndtoEndPageObject" name="submitOrder" time="0.009">
    <failure type="java.lang.NullPointerException" message="Cannot invoke &amp;quot;pageObjects.LandingPage.loginApplication(String, String)&amp;quot; because &amp;quot;this.landingPage&amp;quot; is null">
      <![CDATA[java.lang.NullPointerException: Cannot invoke "pageObjects.LandingPage.loginApplication(String, String)" because "this.landingPage" is null
at endtoEndMaven.tests.EndtoEndPageObject.submitOrder(EndtoEndPageObject.java:45)
at java.base/java.util.ArrayList.forEach(ArrayList.java:1596)
... Removed 25 stack frames]]>
    </failure>
  </testcase> <!-- submitOrder -->
  <testcase classname="endtoEndMaven.tests.EndtoEndPageObject" name="submitOrder" time="0.002">
    <failure type="java.lang.NullPointerException" message="Cannot invoke &amp;quot;pageObjects.LandingPage.loginApplication(String, String)&amp;quot; because &amp;quot;this.landingPage&amp;quot; is null">
      <![CDATA[java.lang.NullPointerException: Cannot invoke "pageObjects.LandingPage.loginApplication(String, String)" because "this.landingPage" is null
at endtoEndMaven.tests.EndtoEndPageObject.submitOrder(EndtoEndPageObject.java:45)
at java.base/java.util.ArrayList.forEach(ArrayList.java:1596)
... Removed 25 stack frames]]>
    </failure>
  </testcase> <!-- submitOrder -->
  <testcase classname="endtoEndMaven.tests.EndtoEndPageObject" name="OrderHistoryTest" time="0.0">
    <ignored/>
  </testcase> <!-- OrderHistoryTest -->
</testsuite> <!-- SubmitOrder -->
